<?xml version="1.0" encoding="UTF-8"?>
<testng-results skipped="0" failed="0" ignored="0" total="1" passed="1">
  <reporter-output>
  </reporter-output>
  <suite name="Default suite" duration-ms="2781" started-at="2022-04-08T06:59:25Z" finished-at="2022-04-08T06:59:28Z">
    <groups>
    </groups>
    <test name="Default test" duration-ms="2781" started-at="2022-04-08T06:59:25Z" finished-at="2022-04-08T06:59:28Z">
      <class name="rest1.Authorization1">
        <test-method status="PASS" signature="auth()[pri:0, instance:rest1.Authorization1@4b9e13df]" name="auth" duration-ms="2762" started-at="2022-04-08T06:59:25Z" finished-at="2022-04-08T06:59:28Z">
          <reporter-output>
          </reporter-output>
        </test-method> <!-- auth -->
      </class> <!-- rest1.Authorization1 -->
    </test> <!-- Default test -->
  </suite> <!-- Default suite -->
</testng-results>
